Unity Editor version:    2021.3.8f1 (b30333d56e81)
Branch:                  2021.3/staging
Build type:              Release
Batch mode:              YES
macOS version:           Version 13.0 (Build 22A380)
Darwin version:          22.1.0
Architecture:            arm64
Running under Rosetta:   NO
Available memory:        16384 MB
Using pre-set license
Pro License: YES

COMMAND LINE ARGUMENTS:
/Applications/Unity/Hub/Editor/2021.3.8f1/Unity.app/Contents/MacOS/Unity
-adb2
-batchMode
-noUpm
-name
AssetImportWorker1
-projectPath
/Users/xavier/Programming/ReLe_assignment
-logFile
Logs/AssetImportWorker1.log
-srvPort
60163
Successfully changed project path to: /Users/xavier/Programming/ReLe_assignment
/Users/xavier/Programming/ReLe_assignment
[UnityMemory] Configuration Parameters - Can be set up in boot.config
    "memorysetup-bucket-allocator-granularity=16"
    "memorysetup-bucket-allocator-bucket-count=8"
    "memorysetup-bucket-allocator-block-size=33554432"
    "memorysetup-bucket-allocator-block-count=8"
    "memorysetup-main-allocator-block-size=16777216"
    "memorysetup-thread-allocator-block-size=16777216"
    "memorysetup-gfx-main-allocator-block-size=16777216"
    "memorysetup-gfx-thread-allocator-block-size=16777216"
    "memorysetup-cache-allocator-block-size=4194304"
    "memorysetup-typetree-allocator-block-size=2097152"
    "memorysetup-profiler-bucket-allocator-granularity=16"
    "memorysetup-profiler-bucket-allocator-bucket-count=8"
    "memorysetup-profiler-bucket-allocator-block-size=33554432"
    "memorysetup-profiler-bucket-allocator-block-count=8"
    "memorysetup-profiler-allocator-block-size=16777216"
    "memorysetup-profiler-editor-allocator-block-size=1048576"
    "memorysetup-temp-allocator-size-main=16777216"
    "memorysetup-job-temp-allocator-block-size=2097152"
    "memorysetup-job-temp-allocator-block-size-background=1048576"
    "memorysetup-job-temp-allocator-reduction-small-platforms=262144"
    "memorysetup-temp-allocator-size-background-worker=32768"
    "memorysetup-temp-allocator-size-job-worker=262144"
    "memorysetup-temp-allocator-size-preload-manager=33554432"
    "memorysetup-temp-allocator-size-nav-mesh-worker=65536"
    "memorysetup-temp-allocator-size-audio-worker=65536"
    "memorysetup-temp-allocator-size-cloud-worker=32768"
    "memorysetup-temp-allocator-size-gi-baking-worker=262144"
    "memorysetup-temp-allocator-size-gfx=262144"
Refreshing native plugins compatible for Editor in 86.02 ms, found 2 plugins.
Preloading 0 native plugins for Editor in 0.00 ms.
Initialize engine version: 2021.3.8f1 (b30333d56e81)
[Subsystems] Discovering subsystems at path /Applications/Unity/Hub/Editor/2021.3.8f1/Unity.app/Contents/Resources/UnitySubsystems
[Subsystems] Discovering subsystems at path /Users/xavier/Programming/ReLe_assignment/Assets
GfxDevice: creating device client; threaded=0; jobified=0
 preferred device: Apple M1 Pro (high power)
Metal devices available: 1
0: Apple M1 Pro (high power)
Using device Apple M1 Pro (high power)
Initializing Metal device caps: Apple M1 Pro
Initialize mono
Mono path[0] = '/Applications/Unity/Hub/Editor/2021.3.8f1/Unity.app/Contents/Managed'
Mono path[1] = '/Applications/Unity/Hub/Editor/2021.3.8f1/Unity.app/Contents/MonoBleedingEdge/lib/mono/unityjit-macos'
Mono config path = '/Applications/Unity/Hub/Editor/2021.3.8f1/Unity.app/Contents/MonoBleedingEdge/etc'
Using monoOptions --debugger-agent=transport=dt_socket,embedding=1,server=y,suspend=n,address=127.0.0.1:56110
Begin MonoManager ReloadAssembly
Registering precompiled unity dll's ...
Register platform support module: /Applications/Unity/Hub/Editor/2021.3.8f1/PlaybackEngines/WebGLSupport/UnityEditor.WebGL.Extensions.dll
Register platform support module: /Applications/Unity/Hub/Editor/2021.3.8f1/Unity.app/Contents/PlaybackEngines/MacStandaloneSupport/UnityEditor.OSXStandalone.Extensions.dll
Register platform support module: /Applications/Unity/Hub/Editor/2021.3.8f1/PlaybackEngines/AndroidPlayer/UnityEditor.Android.Extensions.dll
Register platform support module: /Applications/Unity/Hub/Editor/2021.3.8f1/PlaybackEngines/iOSSupport/UnityEditor.iOS.Extensions.dll
Registered in 0.001025 seconds.
[usbmuxd] Start listen thread
[usbmuxd] Listen thread started
[usbmuxd] Send listen message
Native extension for iOS target not found
Native extension for Android target not found
Native extension for OSXStandalone target not found
Native extension for WebGL target not found
Refreshing native plugins compatible for Editor in 81.09 ms, found 2 plugins.
Preloading 0 native plugins for Editor in 0.00 ms.
Mono: successfully reloaded assembly
- Completed reload, in  0.492 seconds
Domain Reload Profiling:
	ReloadAssembly (492ms)
		BeginReloadAssembly (63ms)
			ExecutionOrderSort (0ms)
			DisableScriptedObjects (0ms)
			BackupInstance (0ms)
			ReleaseScriptingObjects (0ms)
			CreateAndSetChildDomain (0ms)
		EndReloadAssembly (363ms)
			LoadAssemblies (62ms)
			RebuildTransferFunctionScriptingTraits (0ms)
			SetupTypeCache (75ms)
			ReleaseScriptCaches (0ms)
			RebuildScriptCaches (24ms)
			SetupLoadedEditorAssemblies (237ms)
				LogAssemblyErrors (0ms)
				InitializePlatformSupportModulesInManaged (68ms)
				SetLoadedEditorAssemblies (0ms)
				RefreshPlugins (81ms)
				BeforeProcessingInitializeOnLoad (1ms)
				ProcessInitializeOnLoadAttributes (61ms)
				ProcessInitializeOnLoadMethodAttributes (26ms)
				AfterProcessingInitializeOnLoad (0ms)
				EditorAssembliesLoaded (0ms)
			ExecutionOrderSort2 (0ms)
			AwakeInstancesAfterBackupRestoration (0ms)
Platform modules already initialized, skipping
Registering precompiled user dll's ...
Registered in 0.002858 seconds.
Begin MonoManager ReloadAssembly
Symbol file LoadedFromMemory doesn't match image /Users/xavier/Programming/ReLe_assignment/Library/PackageCache/com.unity.visualscripting@1.7.8/Editor/VisualScripting.Core/Dependencies/YamlDotNet/Unity.VisualScripting.YamlDotNet.dll
Symbol file LoadedFromMemory doesn't match image /Users/xavier/Programming/ReLe_assignment/Library/PackageCache/com.unity.visualscripting@1.7.8/Editor/VisualScripting.Core/Dependencies/DotNetZip/Unity.VisualScripting.IonicZip.dll
Native extension for iOS target not found
Native extension for Android target not found
Native extension for OSXStandalone target not found
Native extension for WebGL target not found
Refreshing native plugins compatible for Editor in 83.16 ms, found 2 plugins.
Preloading 0 native plugins for Editor in 0.00 ms.
Mono: successfully reloaded assembly
- Completed reload, in  0.778 seconds
Domain Reload Profiling:
	ReloadAssembly (779ms)
		BeginReloadAssembly (49ms)
			ExecutionOrderSort (0ms)
			DisableScriptedObjects (3ms)
			BackupInstance (0ms)
			ReleaseScriptingObjects (0ms)
			CreateAndSetChildDomain (10ms)
		EndReloadAssembly (658ms)
			LoadAssemblies (34ms)
			RebuildTransferFunctionScriptingTraits (0ms)
			SetupTypeCache (208ms)
			ReleaseScriptCaches (1ms)
			RebuildScriptCaches (44ms)
			SetupLoadedEditorAssemblies (331ms)
				LogAssemblyErrors (0ms)
				InitializePlatformSupportModulesInManaged (15ms)
				SetLoadedEditorAssemblies (0ms)
				RefreshPlugins (83ms)
				BeforeProcessingInitializeOnLoad (70ms)
				ProcessInitializeOnLoadAttributes (146ms)
				ProcessInitializeOnLoadMethodAttributes (15ms)
				AfterProcessingInitializeOnLoad (1ms)
				EditorAssembliesLoaded (0ms)
			ExecutionOrderSort2 (0ms)
			AwakeInstancesAfterBackupRestoration (3ms)
Platform modules already initialized, skipping
========================================================================
Worker process is ready to serve import requests
Launching external process: /Applications/Unity/Hub/Editor/2021.3.8f1/Unity.app/Contents/Tools/UnityShaderCompiler
Launched and connected shader compiler UnityShaderCompiler after 0.05 seconds
Refreshing native plugins compatible for Editor in 0.63 ms, found 2 plugins.
Preloading 0 native plugins for Editor in 0.00 ms.
Unloading 4154 Unused Serialized files (Serialized files now loaded: 0)
Unloading 72 unused Assets / (21.3 MB). Loaded Objects now: 4577.
Memory consumption went from 178.4 MB to 157.1 MB.
Total: 5.459708 ms (FindLiveObjects: 0.121500 ms CreateObjectMapping: 0.051042 ms MarkObjects: 2.206292 ms  DeleteObjects: 3.080083 ms)

AssetImportParameters requested are different than current active one (requested -> active):
  custom:video-decoder-ogg-theora: a1e56fd34408186e4bbccfd4996cb3dc -> 
  custom:container-muxer-webm: aa71ff27fc2769a1b78a27578f13a17b -> 
  custom:container-demuxer-webm: 4f35f7cbe854078d1ac9338744f61a02 -> 
  custom:video-encoder-webm-vp8: eb34c28f22e8b96e1ab97ce403110664 -> 
  custom:framework-osx-AVFoundation: e770b220cccbd017edd2c1fefb359320 -> 
  custom:audio-encoder-webm-vorbis: bf7c407c2cedff20999df2af8eb42d56 -> 
  custom:container-demuxer-ogg: 62fdf1f143b41e24485cea50d1cbac27 -> 
  custom:video-decoder-webm-vp8: 9c59270c3fd7afecdb556c50c9e8de78 -> 
  custom:audio-decoder-ogg-vorbis: bf7c407c2cedff20999df2af8eb42d56 -> 
========================================================================
Received Import Request.
  Time since last request: 30171.005110 seconds.
  path: Assets/Prefabs/Tank.prefab
  artifactKey: Guid(4bb62d05ff67ae944b96a69d65426719) Importer(815301076,1909f56bfc062723c751e8b465ee728b)
Start importing Assets/Prefabs/Tank.prefab using Guid(4bb62d05ff67ae944b96a69d65426719) Importer(815301076,1909f56bfc062723c751e8b465ee728b)  -> (artifact id: 'c091ba89d79c63e8fc635da3af56ff99') in 1.086197 seconds 
========================================================================
Received Import Request.
  Time since last request: 0.000050 seconds.
  path: Assets/Prefabs/Enemy Tank.prefab
  artifactKey: Guid(83a5048a9185ad14b9995620fb9ffe6c) Importer(815301076,1909f56bfc062723c751e8b465ee728b)
Start importing Assets/Prefabs/Enemy Tank.prefab using Guid(83a5048a9185ad14b9995620fb9ffe6c) Importer(815301076,1909f56bfc062723c751e8b465ee728b)  -> (artifact id: 'cad84252a9b04e8d4321863f2ef62ff5') in 0.027415 seconds 
========================================================================
Received Import Request.
  Time since last request: 0.000038 seconds.
  path: Assets/Prefabs/BigBoss.prefab
  artifactKey: Guid(808bba2a41dbeb44d8a01d2bcf5090ce) Importer(815301076,1909f56bfc062723c751e8b465ee728b)
Start importing Assets/Prefabs/BigBoss.prefab using Guid(808bba2a41dbeb44d8a01d2bcf5090ce) Importer(815301076,1909f56bfc062723c751e8b465ee728b)  -> (artifact id: 'aec6e713401e7cf56c271b9dcc4d2e05') in 0.021536 seconds 
========================================================================
Received Import Request.
  Time since last request: 1931.069852 seconds.
  path: Assets/ML-Agents/config/results/tank_beta_0.001_3_layers/AgentTank.onnx
  artifactKey: Guid(161c6efaefd0c4de392062803cbed9b9) Importer(815301076,1909f56bfc062723c751e8b465ee728b)
Start importing Assets/ML-Agents/config/results/tank_beta_0.001_3_layers/AgentTank.onnx using Guid(161c6efaefd0c4de392062803cbed9b9) Importer(815301076,1909f56bfc062723c751e8b465ee728b)  -> (artifact id: 'e7de5bc52b63c40dbf3d86f8aee377ba') in 0.102186 seconds 
========================================================================
Received Import Request.
  Time since last request: 0.000091 seconds.
  path: Assets/ML-Agents/config/results/tank_beta_0.001_2_layers_buffer_4096_epsil_0.1/AgentTank/AgentTank-999941.onnx
  artifactKey: Guid(7a572e355702a40e9947e4ca4206ef7d) Importer(815301076,1909f56bfc062723c751e8b465ee728b)
Start importing Assets/ML-Agents/config/results/tank_beta_0.001_2_layers_buffer_4096_epsil_0.1/AgentTank/AgentTank-999941.onnx using Guid(7a572e355702a40e9947e4ca4206ef7d) Importer(815301076,1909f56bfc062723c751e8b465ee728b)  -> (artifact id: 'b249955ff120abc2e2e94e70c0562ef9') in 0.008015 seconds 
========================================================================
Received Import Request.
  Time since last request: 0.000064 seconds.
  path: Assets/ML-Agents/config/results/tank_beta_0.001_1_layers_32_batch_size_buffer_4096/AgentTank/AgentTank-999939.onnx
  artifactKey: Guid(051976435ce5a410db60bb796f4c492d) Importer(815301076,1909f56bfc062723c751e8b465ee728b)
Start importing Assets/ML-Agents/config/results/tank_beta_0.001_1_layers_32_batch_size_buffer_4096/AgentTank/AgentTank-999939.onnx using Guid(051976435ce5a410db60bb796f4c492d) Importer(815301076,1909f56bfc062723c751e8b465ee728b)  -> (artifact id: 'bb559a643de0eebfd54ac86b53113726') in 0.007317 seconds 
========================================================================
Received Import Request.
  Time since last request: 0.000051 seconds.
  path: Assets/ML-Agents/config/results/smart_tank_04/AgentTank.onnx
  artifactKey: Guid(4af737600c30c4cee8f6bb0fdfec2dd3) Importer(815301076,1909f56bfc062723c751e8b465ee728b)
Start importing Assets/ML-Agents/config/results/smart_tank_04/AgentTank.onnx using Guid(4af737600c30c4cee8f6bb0fdfec2dd3) Importer(815301076,1909f56bfc062723c751e8b465ee728b)  -> (artifact id: 'e12379c1018497d16c2471bb72f76989') in 0.007120 seconds 
========================================================================
Received Import Request.
  Time since last request: 0.978753 seconds.
  path: Assets/ML-Agents/config/results/tank_beta_0.001/AgentTank/AgentTank-2499880.onnx
  artifactKey: Guid(60f8d684b888047aab4b38ad4b1bd455) Importer(815301076,1909f56bfc062723c751e8b465ee728b)
Start importing Assets/ML-Agents/config/results/tank_beta_0.001/AgentTank/AgentTank-2499880.onnx using Guid(60f8d684b888047aab4b38ad4b1bd455) Importer(815301076,1909f56bfc062723c751e8b465ee728b)  -> (artifact id: 'd68ac1435d55e711e6ce2460ad224b51') in 0.009259 seconds 
========================================================================
Received Import Request.
  Time since last request: 2.107827 seconds.
  path: Assets/ML-Agents/config/results/tank_beta_0.001_3_layers/AgentTank/AgentTank-2499902.onnx
  artifactKey: Guid(c8933e178d9eb43eb91ac7ccd05e38e0) Importer(815301076,1909f56bfc062723c751e8b465ee728b)
Start importing Assets/ML-Agents/config/results/tank_beta_0.001_3_layers/AgentTank/AgentTank-2499902.onnx using Guid(c8933e178d9eb43eb91ac7ccd05e38e0) Importer(815301076,1909f56bfc062723c751e8b465ee728b)  -> (artifact id: '83dbc91a68ea81d6e2ef205cce5ffb31') in 0.010147 seconds 
========================================================================
Received Import Request.
  Time since last request: 0.000049 seconds.
  path: Assets/ML-Agents/config/results/tank_beta_0.001_2_layers_buffer_4096_epsil_0.3/AgentTank/AgentTank-2499912.onnx
  artifactKey: Guid(496a03540229e4893bcc7b732a5365bf) Importer(815301076,1909f56bfc062723c751e8b465ee728b)
Start importing Assets/ML-Agents/config/results/tank_beta_0.001_2_layers_buffer_4096_epsil_0.3/AgentTank/AgentTank-2499912.onnx using Guid(496a03540229e4893bcc7b732a5365bf) Importer(815301076,1909f56bfc062723c751e8b465ee728b)  -> (artifact id: 'dcf429aabafdd2e2f97f6d6932f18a3a') in 0.008463 seconds 
========================================================================
Received Import Request.
  Time since last request: 0.000046 seconds.
  path: Assets/ML-Agents/config/results/tank_256hu/AgentTank/AgentTank-5002166.onnx
  artifactKey: Guid(5876226b00aba41d9a5a39859e699741) Importer(815301076,1909f56bfc062723c751e8b465ee728b)
Start importing Assets/ML-Agents/config/results/tank_256hu/AgentTank/AgentTank-5002166.onnx using Guid(5876226b00aba41d9a5a39859e699741) Importer(815301076,1909f56bfc062723c751e8b465ee728b)  -> (artifact id: 'defd8f902b1ac350961f2d7e7ba48c10') in 0.008423 seconds 
========================================================================
Received Import Request.
  Time since last request: 0.000036 seconds.
  path: Assets/ML-Agents/config/results/smart_tank_04/AgentTank/AgentTank-4999949.onnx
  artifactKey: Guid(4648d7e756e3f4beebcc4fda834f3806) Importer(815301076,1909f56bfc062723c751e8b465ee728b)
Start importing Assets/ML-Agents/config/results/smart_tank_04/AgentTank/AgentTank-4999949.onnx using Guid(4648d7e756e3f4beebcc4fda834f3806) Importer(815301076,1909f56bfc062723c751e8b465ee728b)  -> (artifact id: 'a0a7ddfed0ff21627f7187ed0ef17667') in 0.007414 seconds 
========================================================================
Received Import Request.
  Time since last request: 0.000040 seconds.
  path: Assets/ML-Agents/config/results/tank_beta_0.001_2_layers_buffer_4096_epsil_0.3/AgentTank/AgentTank-2500040.onnx
  artifactKey: Guid(1d79c93d5f51d448c8131108fb78a08b) Importer(815301076,1909f56bfc062723c751e8b465ee728b)
Start importing Assets/ML-Agents/config/results/tank_beta_0.001_2_layers_buffer_4096_epsil_0.3/AgentTank/AgentTank-2500040.onnx using Guid(1d79c93d5f51d448c8131108fb78a08b) Importer(815301076,1909f56bfc062723c751e8b465ee728b)  -> (artifact id: '52ad3411823c539893f92e66ca16ea6d') in 0.007080 seconds 
========================================================================
Received Import Request.
  Time since last request: 17.011617 seconds.
  path: Assets/ML-Agents/config/results/tank_beta_0.001_2_layers_buffer_4096_epsil_0.3/AgentTank.onnx
  artifactKey: Guid(88152427a1c6f4b20ae903abc5ede2c7) Importer(815301076,1909f56bfc062723c751e8b465ee728b)
Start importing Assets/ML-Agents/config/results/tank_beta_0.001_2_layers_buffer_4096_epsil_0.3/AgentTank.onnx using Guid(88152427a1c6f4b20ae903abc5ede2c7) Importer(815301076,1909f56bfc062723c751e8b465ee728b)  -> (artifact id: '9f7471dbeffd49fa7a92b2634b67bc2d') in 0.007516 seconds 
========================================================================
Received Import Request.
  Time since last request: 0.000058 seconds.
  path: Assets/ML-Agents/config/results/tank_beta_0.001_2_layers_buffer_4096_epsil_0.1/AgentTank.onnx
  artifactKey: Guid(28d52154381294afab474bc2420535ea) Importer(815301076,1909f56bfc062723c751e8b465ee728b)
Start importing Assets/ML-Agents/config/results/tank_beta_0.001_2_layers_buffer_4096_epsil_0.1/AgentTank.onnx using Guid(28d52154381294afab474bc2420535ea) Importer(815301076,1909f56bfc062723c751e8b465ee728b)  -> (artifact id: 'fe21cefed3c4e4d187490a81f0636217') in 0.007892 seconds 
========================================================================
Received Import Request.
  Time since last request: 25.366150 seconds.
  path: Assets/Resources/Audio/MSX_Enemy_Chaser.ogg
  artifactKey: Guid(e8db0205bd1928a4ba6b0b8b95985f02) Importer(815301076,1909f56bfc062723c751e8b465ee728b)
Start importing Assets/Resources/Audio/MSX_Enemy_Chaser.ogg using Guid(e8db0205bd1928a4ba6b0b8b95985f02) Importer(815301076,1909f56bfc062723c751e8b465ee728b)  -> (artifact id: '7d87583f9fd38928db6fb3f62b7ded58') in 0.551620 seconds 
========================================================================
Received Prepare
Registering precompiled user dll's ...
Registered in 0.002752 seconds.
Begin MonoManager ReloadAssembly
Thread 0x29f787000 may have been prematurely finalized
Symbol file LoadedFromMemory doesn't match image /Users/xavier/Programming/ReLe_assignment/Library/PackageCache/com.unity.visualscripting@1.7.8/Editor/VisualScripting.Core/Dependencies/YamlDotNet/Unity.VisualScripting.YamlDotNet.dll
Symbol file LoadedFromMemory doesn't match image /Users/xavier/Programming/ReLe_assignment/Library/PackageCache/com.unity.visualscripting@1.7.8/Editor/VisualScripting.Core/Dependencies/DotNetZip/Unity.VisualScripting.IonicZip.dll
Native extension for iOS target not found
Native extension for Android target not found
Native extension for OSXStandalone target not found
Native extension for WebGL target not found
Refreshing native plugins compatible for Editor in 0.60 ms, found 2 plugins.
Preloading 0 native plugins for Editor in 0.00 ms.
Mono: successfully reloaded assembly
- Completed reload, in  0.667 seconds
Domain Reload Profiling:
	ReloadAssembly (667ms)
		BeginReloadAssembly (77ms)
			ExecutionOrderSort (0ms)
			DisableScriptedObjects (2ms)
			BackupInstance (0ms)
			ReleaseScriptingObjects (0ms)
			CreateAndSetChildDomain (28ms)
		EndReloadAssembly (525ms)
			LoadAssemblies (36ms)
			RebuildTransferFunctionScriptingTraits (0ms)
			SetupTypeCache (217ms)
			ReleaseScriptCaches (1ms)
			RebuildScriptCaches (34ms)
			SetupLoadedEditorAssemblies (207ms)
				LogAssemblyErrors (0ms)
				InitializePlatformSupportModulesInManaged (19ms)
				SetLoadedEditorAssemblies (0ms)
				RefreshPlugins (1ms)
				BeforeProcessingInitializeOnLoad (47ms)
				ProcessInitializeOnLoadAttributes (124ms)
				ProcessInitializeOnLoadMethodAttributes (14ms)
				AfterProcessingInitializeOnLoad (1ms)
				EditorAssembliesLoaded (0ms)
			ExecutionOrderSort2 (0ms)
			AwakeInstancesAfterBackupRestoration (2ms)
Platform modules already initialized, skipping
Refreshing native plugins compatible for Editor in 1.51 ms, found 2 plugins.
Preloading 0 native plugins for Editor in 0.00 ms.
Unloading 4130 Unused Serialized files (Serialized files now loaded: 0)
Unloading 66 unused Assets / (21.3 MB). Loaded Objects now: 4592.
Memory consumption went from 419.4 MB to 398.1 MB.
Total: 3.748125 ms (FindLiveObjects: 0.126792 ms CreateObjectMapping: 0.051583 ms MarkObjects: 2.071750 ms  DeleteObjects: 1.497084 ms)

AssetImportParameters requested are different than current active one (requested -> active):
  custom:video-decoder-ogg-theora: a1e56fd34408186e4bbccfd4996cb3dc -> 
  custom:container-muxer-webm: aa71ff27fc2769a1b78a27578f13a17b -> 
  custom:container-demuxer-webm: 4f35f7cbe854078d1ac9338744f61a02 -> 
  custom:video-encoder-webm-vp8: eb34c28f22e8b96e1ab97ce403110664 -> 
  custom:framework-osx-AVFoundation: e770b220cccbd017edd2c1fefb359320 -> 
  custom:audio-encoder-webm-vorbis: bf7c407c2cedff20999df2af8eb42d56 -> 
  custom:container-demuxer-ogg: 62fdf1f143b41e24485cea50d1cbac27 -> 
  custom:video-decoder-webm-vp8: 9c59270c3fd7afecdb556c50c9e8de78 -> 
  custom:audio-decoder-ogg-vorbis: bf7c407c2cedff20999df2af8eb42d56 -> 
